<?xml version="1.0" encoding="UTF-8"?>
<!-- Generated by org.testng.reporters.JUnitReportReporter -->
<testsuite hostname="DESKTOP-D25JH64" failures="0" tests="1" name="SeleniumMethods.All_Selenium_Methods.GoogleFlights" time="30.576" errors="0" timestamp="2023-02-08T11:06:10 IST" skipped="0">
  <testcase classname="SeleniumMethods.All_Selenium_Methods.GoogleFlights" name="getFlightName" time="30.576"/>
  <system-out/>
</testsuite> <!-- SeleniumMethods.All_Selenium_Methods.GoogleFlights -->
