<?xml version="1.0" encoding="UTF-8"?>
<!-- Generated by org.testng.reporters.JUnitReportReporter -->
<testsuite hostname="DESKTOP-D25JH64" failures="0" tests="1" name="SeleniumMethods.All_Selenium_Methods.Javascriptexecutorss" time="11.075" errors="0" timestamp="2023-02-07T18:21:04 IST" skipped="0">
  <testcase classname="SeleniumMethods.All_Selenium_Methods.Javascriptexecutorss" name="clearData" time="11.075"/>
  <system-out/>
</testsuite> <!-- SeleniumMethods.All_Selenium_Methods.Javascriptexecutorss -->
