<?xml version="1.0" encoding="UTF-8"?>
<!-- Generated by org.testng.reporters.JUnitReportReporter -->
<testsuite hostname="DESKTOP-D25JH64" failures="0" tests="1" name="PracticeSelenium.GoogleFlights" time="23.941" errors="0" timestamp="2023-02-10T12:53:44 IST" skipped="0">
  <testcase classname="PracticeSelenium.GoogleFlights" name="getFlightName" time="23.941"/>
  <system-out/>
</testsuite> <!-- PracticeSelenium.GoogleFlights -->
