<?xml version="1.0" encoding="UTF-8"?>
<!-- Generated by org.testng.reporters.JUnitReportReporter -->
<testsuite hostname="DESKTOP-D25JH64" failures="0" tests="1" name="PracticeSelenium.Calendar_Handle" time="26.018" errors="0" timestamp="2023-02-10T09:23:57 IST" skipped="0">
  <testcase classname="PracticeSelenium.Calendar_Handle" name="getCities" time="26.018"/>
  <system-out/>
</testsuite> <!-- PracticeSelenium.Calendar_Handle -->
