<?xml version="1.0" encoding="UTF-8"?>
<!-- Generated by org.testng.reporters.JUnitReportReporter -->
<testsuite hostname="DESKTOP-D25JH64" failures="0" tests="1" name="SeleniumMethods.All_Selenium_Methods.Pet_Diseases" time="29.879" errors="0" timestamp="2023-02-08T15:30:00 IST" skipped="0">
  <testcase classname="SeleniumMethods.All_Selenium_Methods.Pet_Diseases" name="petDiseasesMap" time="29.879"/>
  <system-out/>
</testsuite> <!-- SeleniumMethods.All_Selenium_Methods.Pet_Diseases -->
